<?xml version="1.0" encoding="UTF-8"?>
<testsuite xmlns:xsi="http://www.w3.org/2001/XMLSchema-instance" xsi:noNamespaceSchemaLocation="https://maven.apache.org/surefire/maven-surefire-plugin/xsd/surefire-test-report-3.0.xsd" version="3.0" name="Login" time="0.413" tests="4" errors="0" skipped="4" failures="0">
  <properties>
[...]
</properties>
  <testcase name="Login as help desk and verify that title is Portal" classname="Login" time="0">
    <skipped message="The step &quot;user is on the login page&quot; is undefined. You can implement it using the snippet(s) below:&#10;&#10;@Given(&quot;user is on the login page&quot;)&#10;public void user_is_on_the_login_page() {&#10;    // Write code here that turns the phrase above into concrete actions&#10;    throw new io.cucumber.java.PendingException();&#10;}&#10;&#10;&#10;Some other steps were also undefined:&#10;&#10;@When(&quot;user logs in as a help desk&quot;)&#10;public void user_logs_in_as_a_help_desk() {&#10;    // Write code here that turns the phrase above into concrete actions&#10;    throw new io.cucumber.java.PendingException();&#10;}&#10;@Then(&quot;user should verify that title is a Portal&quot;)&#10;public void user_should_verify_that_title_is_a_Portal() {&#10;    // Write code here that turns the phrase above into concrete actions&#10;    throw new io.cucumber.java.PendingException();&#10;}&#10;"/>
    <system-out><![CDATA[Apr 20, 2020 5:13:08 PM io.cucumber.junit.Cucumber <init>
WARNING: By default Cucumber is running in --non-strict mode.
This default will change to --strict and --non-strict will be removed.
You can use --strict or @CucumberOptions(strict = true) to suppress this warning



&amp#27;[33mUndefined scenarios:&amp#27;[0m

&amp#27;[33mfile:///C:/Users/sumey/IdeaProjects/CucumberPractice/src/test/resources/features/Login.feature:8&amp#27;[0m
# Login as help desk and verify that title is Portal

&amp#27;[33mfile:///C:/Users/sumey/IdeaProjects/CucumberPractice/src/test/resources/features/Login.feature:13&amp#27;[0m
# Login as marketing and verify that title is Portal

&amp#27;[33mfile:///C:/Users/sumey/IdeaProjects/CucumberPractice/src/test/resources/features/Login.feature:18&amp#27;[0m
# Login as a hr and verify title is Portal

&amp#27;[33mfile:///C:/Users/sumey/IdeaProjects/CucumberPractice/src/test/resources/features/Login.feature:23&amp#27;[0m
# Login with parameters



4
 Scenarios (
&amp#27;[33m4 undefined&amp#27;[0m
)

12
 Steps (
&amp#27;[33m12 undefined&amp#27;[0m
)

0m
0.421s





You can implement missing steps with the snippets below:



@Given("user is on the login page")
public void user_is_on_the_login_page() {
    // Write code here that turns the phrase above into concrete actions
    throw new io.cucumber.java.PendingException();
}



@When("user logs in as a help desk")
public void user_logs_in_as_a_help_desk() {
    // Write code here that turns the phrase above into concrete actions
    throw new io.cucumber.java.PendingException();
}



@Then("user should verify that title is a Portal")
public void user_should_verify_that_title_is_a_Portal() {
    // Write code here that turns the phrase above into concrete actions
    throw new io.cucumber.java.PendingException();
}



@When("user logs in as a marketing")
public void user_logs_in_as_a_marketing() {
    // Write code here that turns the phrase above into concrete actions
    throw new io.cucumber.java.PendingException();
}



@When("user logs in as a hr")
public void user_logs_in_as_a_hr() {
    // Write code here that turns the phrase above into concrete actions
    throw new io.cucumber.java.PendingException();
}



@When("user enters {string} username and {string} password")
public void user_enters_username_and_password(String string, String string2) {
    // Write code here that turns the phrase above into concrete actions
    throw new io.cucumber.java.PendingException();
}





]]></system-out>
  </testcase>
  <testcase name="Login as marketing and verify that title is Portal" classname="Login" time="0">
    <skipped message="The step &quot;user is on the login page&quot; is undefined. You can implement it using the snippet(s) below:&#10;&#10;@Given(&quot;user is on the login page&quot;)&#10;public void user_is_on_the_login_page() {&#10;    // Write code here that turns the phrase above into concrete actions&#10;    throw new io.cucumber.java.PendingException();&#10;}&#10;&#10;&#10;Some other steps were also undefined:&#10;&#10;@When(&quot;user logs in as a marketing&quot;)&#10;public void user_logs_in_as_a_marketing() {&#10;    // Write code here that turns the phrase above into concrete actions&#10;    throw new io.cucumber.java.PendingException();&#10;}&#10;@Then(&quot;user should verify that title is a Portal&quot;)&#10;public void user_should_verify_that_title_is_a_Portal() {&#10;    // Write code here that turns the phrase above into concrete actions&#10;    throw new io.cucumber.java.PendingException();&#10;}&#10;"/>
  </testcase>
  <testcase name="Login as a hr and verify title is Portal" classname="Login" time="0">
    <skipped message="The step &quot;user is on the login page&quot; is undefined. You can implement it using the snippet(s) below:&#10;&#10;@Given(&quot;user is on the login page&quot;)&#10;public void user_is_on_the_login_page() {&#10;    // Write code here that turns the phrase above into concrete actions&#10;    throw new io.cucumber.java.PendingException();&#10;}&#10;&#10;&#10;Some other steps were also undefined:&#10;&#10;@When(&quot;user logs in as a hr&quot;)&#10;public void user_logs_in_as_a_hr() {&#10;    // Write code here that turns the phrase above into concrete actions&#10;    throw new io.cucumber.java.PendingException();&#10;}&#10;@Then(&quot;user should verify that title is a Portal&quot;)&#10;public void user_should_verify_that_title_is_a_Portal() {&#10;    // Write code here that turns the phrase above into concrete actions&#10;    throw new io.cucumber.java.PendingException();&#10;}&#10;"/>
  </testcase>
  <testcase name="Login with parameters" classname="Login" time="0">
    <skipped message="The step &quot;user is on the login page&quot; is undefined. You can implement it using the snippet(s) below:&#10;&#10;@Given(&quot;user is on the login page&quot;)&#10;public void user_is_on_the_login_page() {&#10;    // Write code here that turns the phrase above into concrete actions&#10;    throw new io.cucumber.java.PendingException();&#10;}&#10;&#10;&#10;Some other steps were also undefined:&#10;&#10;@When(&quot;user enters {string} username and {string} password&quot;)&#10;public void user_enters_username_and_password(String string, String string2) {&#10;    // Write code here that turns the phrase above into concrete actions&#10;    throw new io.cucumber.java.PendingException();&#10;}&#10;@Then(&quot;user should verify that title is a Portal&quot;)&#10;public void user_should_verify_that_title_is_a_Portal() {&#10;    // Write code here that turns the phrase above into concrete actions&#10;    throw new io.cucumber.java.PendingException();&#10;}&#10;"/>
  </testcase>
</testsuite>